[2025-12-24T07:07:17.070+0000] {local_task_job_runner.py:120} INFO - ::group::Pre task execution logs
[2025-12-24T07:07:17.095+0000] {taskinstance.py:2076} INFO - Dependencies all met for dep_context=non-requeueable deps ti=<TaskInstance: dbt_transformations_dag.dbt_run manual__2025-12-24T07:07:16.520142+00:00 [queued]>
[2025-12-24T07:07:17.101+0000] {taskinstance.py:2076} INFO - Dependencies all met for dep_context=requeueable deps ti=<TaskInstance: dbt_transformations_dag.dbt_run manual__2025-12-24T07:07:16.520142+00:00 [queued]>
[2025-12-24T07:07:17.101+0000] {taskinstance.py:2306} INFO - Starting attempt 1 of 1
[2025-12-24T07:07:17.108+0000] {taskinstance.py:2330} INFO - Executing <Task(BashOperator): dbt_run> on 2025-12-24 07:07:16.520142+00:00
[2025-12-24T07:07:17.116+0000] {standard_task_runner.py:90} INFO - Running: ['***', 'tasks', 'run', 'dbt_transformations_dag', 'dbt_run', 'manual__2025-12-24T07:07:16.520142+00:00', '--job-id', '15', '--raw', '--subdir', 'DAGS_FOLDER/dbt_transformations_dag.py', '--cfg-path', '/tmp/tmpmgfkpvkn']
[2025-12-24T07:07:17.117+0000] {logging_mixin.py:188} WARNING - /home/***/.local/lib/python3.12/site-packages/***/task/task_runner/standard_task_runner.py:62 DeprecationWarning: This process (pid=326) is multi-threaded, use of fork() may lead to deadlocks in the child.
[2025-12-24T07:07:17.118+0000] {standard_task_runner.py:91} INFO - Job 15: Subtask dbt_run
[2025-12-24T07:07:17.118+0000] {standard_task_runner.py:64} INFO - Started process 329 to run task
[2025-12-24T07:07:17.144+0000] {task_command.py:426} INFO - Running <TaskInstance: dbt_transformations_dag.dbt_run manual__2025-12-24T07:07:16.520142+00:00 [running]> on host 9ee1a54ce25d
[2025-12-24T07:07:17.195+0000] {taskinstance.py:2648} INFO - Exporting env vars: AIRFLOW_CTX_DAG_OWNER='***' AIRFLOW_CTX_DAG_ID='dbt_transformations_dag' AIRFLOW_CTX_TASK_ID='dbt_run' AIRFLOW_CTX_EXECUTION_DATE='2025-12-24T07:07:16.520142+00:00' AIRFLOW_CTX_TRY_NUMBER='1' AIRFLOW_CTX_DAG_RUN_ID='manual__2025-12-24T07:07:16.520142+00:00'
[2025-12-24T07:07:17.195+0000] {taskinstance.py:430} INFO - ::endgroup::
[2025-12-24T07:07:17.208+0000] {subprocess.py:63} INFO - Tmp dir root location: /tmp
[2025-12-24T07:07:17.209+0000] {subprocess.py:75} INFO - Running command: ['/usr/bin/bash', '-c', 'cd /opt/***/dbt && dbt run --profiles-dir .']
[2025-12-24T07:07:17.217+0000] {subprocess.py:86} INFO - Output:
[2025-12-24T07:07:18.700+0000] {subprocess.py:93} INFO - [0m07:07:18  Running with dbt=1.11.2
[2025-12-24T07:07:18.903+0000] {subprocess.py:93} INFO - [0m07:07:18  Registered adapter: postgres=1.10.0
[2025-12-24T07:07:18.953+0000] {subprocess.py:93} INFO - [0m07:07:18  Unable to do partial parsing because saved manifest not found. Starting full parse.
[2025-12-24T07:07:19.545+0000] {subprocess.py:93} INFO - [0m07:07:19  Found 3 models, 2 sources, 463 macros
[2025-12-24T07:07:19.546+0000] {subprocess.py:93} INFO - [0m07:07:19
[2025-12-24T07:07:19.546+0000] {subprocess.py:93} INFO - [0m07:07:19  Concurrency: 1 threads (target='dev')
[2025-12-24T07:07:19.547+0000] {subprocess.py:93} INFO - [0m07:07:19
[2025-12-24T07:07:19.696+0000] {subprocess.py:93} INFO - [0m07:07:19  1 of 3 START sql view model public_staging.stg_cities .......................... [RUN]
[2025-12-24T07:07:19.806+0000] {subprocess.py:93} INFO - [0m07:07:19  1 of 3 OK created sql view model public_staging.stg_cities ..................... [[32mCREATE VIEW[0m in 0.10s]
[2025-12-24T07:07:19.808+0000] {subprocess.py:93} INFO - [0m07:07:19  2 of 3 START sql view model public_staging.stg_weather ......................... [RUN]
[2025-12-24T07:07:19.855+0000] {subprocess.py:93} INFO - [0m07:07:19  2 of 3 OK created sql view model public_staging.stg_weather .................... [[32mCREATE VIEW[0m in 0.05s]
[2025-12-24T07:07:19.857+0000] {subprocess.py:93} INFO - [0m07:07:19  3 of 3 START sql table model public_mart.fct_daily_weather ..................... [RUN]
[2025-12-24T07:07:19.919+0000] {subprocess.py:93} INFO - [0m07:07:19  3 of 3 OK created sql table model public_mart.fct_daily_weather ................ [[32mSELECT 4[0m in 0.06s]
[2025-12-24T07:07:19.930+0000] {subprocess.py:93} INFO - [0m07:07:19
[2025-12-24T07:07:19.930+0000] {subprocess.py:93} INFO - [0m07:07:19  Finished running 1 table model, 2 view models in 0 hours 0 minutes and 0.38 seconds (0.38s).
[2025-12-24T07:07:19.950+0000] {subprocess.py:93} INFO - [0m07:07:19
[2025-12-24T07:07:19.951+0000] {subprocess.py:93} INFO - [0m07:07:19  [32mCompleted successfully[0m
[2025-12-24T07:07:19.951+0000] {subprocess.py:93} INFO - [0m07:07:19
[2025-12-24T07:07:19.951+0000] {subprocess.py:93} INFO - [0m07:07:19  Done. PASS=3 WARN=0 ERROR=0 SKIP=0 NO-OP=0 TOTAL=3
[2025-12-24T07:07:20.982+0000] {subprocess.py:97} INFO - Command exited with return code 0
[2025-12-24T07:07:20.984+0000] {taskinstance.py:441} INFO - ::group::Post task execution logs
[2025-12-24T07:07:21.016+0000] {taskinstance.py:1206} INFO - Marking task as SUCCESS. dag_id=dbt_transformations_dag, task_id=dbt_run, run_id=manual__2025-12-24T07:07:16.520142+00:00, execution_date=20251224T070716, start_date=20251224T070717, end_date=20251224T070721
[2025-12-24T07:07:21.035+0000] {local_task_job_runner.py:243} INFO - Task exited with return code 0
[2025-12-24T07:07:21.081+0000] {taskinstance.py:3503} INFO - 1 downstream tasks scheduled from follow-on schedule check
[2025-12-24T07:07:21.082+0000] {local_task_job_runner.py:222} INFO - ::endgroup::
