[2025-12-24T07:01:03.941+0000] {local_task_job_runner.py:120} INFO - ::group::Pre task execution logs
[2025-12-24T07:01:03.975+0000] {taskinstance.py:2076} INFO - Dependencies all met for dep_context=non-requeueable deps ti=<TaskInstance: openweather_ingestion_dag.fetch_and_load_weather manual__2025-12-24T07:01:02.507023+00:00 [queued]>
[2025-12-24T07:01:03.979+0000] {taskinstance.py:2076} INFO - Dependencies all met for dep_context=requeueable deps ti=<TaskInstance: openweather_ingestion_dag.fetch_and_load_weather manual__2025-12-24T07:01:02.507023+00:00 [queued]>
[2025-12-24T07:01:03.979+0000] {taskinstance.py:2306} INFO - Starting attempt 1 of 1
[2025-12-24T07:01:03.985+0000] {taskinstance.py:2330} INFO - Executing <Task(PythonOperator): fetch_and_load_weather> on 2025-12-24 07:01:02.507023+00:00
[2025-12-24T07:01:03.990+0000] {standard_task_runner.py:90} INFO - Running: ['***', 'tasks', 'run', 'openweather_ingestion_dag', 'fetch_and_load_weather', 'manual__2025-12-24T07:01:02.507023+00:00', '--job-id', '13', '--raw', '--subdir', 'DAGS_FOLDER/openweather_ingestion_dag.py', '--cfg-path', '/tmp/tmp4l16wrir']
[2025-12-24T07:01:03.991+0000] {standard_task_runner.py:91} INFO - Job 13: Subtask fetch_and_load_weather
[2025-12-24T07:01:03.991+0000] {logging_mixin.py:188} WARNING - /home/***/.local/lib/python3.12/site-packages/***/task/task_runner/standard_task_runner.py:62 DeprecationWarning: This process (pid=202) is multi-threaded, use of fork() may lead to deadlocks in the child.
[2025-12-24T07:01:03.993+0000] {standard_task_runner.py:64} INFO - Started process 203 to run task
[2025-12-24T07:01:04.021+0000] {task_command.py:426} INFO - Running <TaskInstance: openweather_ingestion_dag.fetch_and_load_weather manual__2025-12-24T07:01:02.507023+00:00 [running]> on host 9ee1a54ce25d
[2025-12-24T07:01:04.100+0000] {taskinstance.py:2648} INFO - Exporting env vars: AIRFLOW_CTX_DAG_OWNER='***' AIRFLOW_CTX_DAG_ID='openweather_ingestion_dag' AIRFLOW_CTX_TASK_ID='fetch_and_load_weather' AIRFLOW_CTX_EXECUTION_DATE='2025-12-24T07:01:02.507023+00:00' AIRFLOW_CTX_TRY_NUMBER='1' AIRFLOW_CTX_DAG_RUN_ID='manual__2025-12-24T07:01:02.507023+00:00'
[2025-12-24T07:01:04.100+0000] {taskinstance.py:430} INFO - ::endgroup::
[2025-12-24T07:01:04.136+0000] {taskinstance.py:441} INFO - ::group::Post task execution logs
[2025-12-24T07:01:04.144+0000] {taskinstance.py:2905} ERROR - Task failed with exception
Traceback (most recent call last):
  File "/home/airflow/.local/lib/python3.12/site-packages/airflow/models/taskinstance.py", line 465, in _execute_task
    result = _execute_callable(context=context, **execute_callable_kwargs)
             ^^^^^^^^^^^^^^^^^^^^^^^^^^^^^^^^^^^^^^^^^^^^^^^^^^^^^^^^^^^^^
  File "/home/airflow/.local/lib/python3.12/site-packages/airflow/models/taskinstance.py", line 432, in _execute_callable
    return execute_callable(context=context, **execute_callable_kwargs)
           ^^^^^^^^^^^^^^^^^^^^^^^^^^^^^^^^^^^^^^^^^^^^^^^^^^^^^^^^^^^^
  File "/home/airflow/.local/lib/python3.12/site-packages/airflow/models/baseoperator.py", line 401, in wrapper
    return func(self, *args, **kwargs)
           ^^^^^^^^^^^^^^^^^^^^^^^^^^^
  File "/home/airflow/.local/lib/python3.12/site-packages/airflow/operators/python.py", line 235, in execute
    return_value = self.execute_callable()
                   ^^^^^^^^^^^^^^^^^^^^^^^
  File "/home/airflow/.local/lib/python3.12/site-packages/airflow/operators/python.py", line 252, in execute_callable
    return self.python_callable(*self.op_args, **self.op_kwargs)
           ^^^^^^^^^^^^^^^^^^^^^^^^^^^^^^^^^^^^^^^^^^^^^^^^^^^^^
  File "/opt/airflow/dags/openweather_ingestion_dag.py", line 13, in fetch_and_load_weather
    conn = pg.get_conn()
           ^^^^^^^^^^^^^
  File "/home/airflow/.local/lib/python3.12/site-packages/airflow/providers/postgres/hooks/postgres.py", line 145, in get_conn
    conn = deepcopy(self.connection or self.get_connection(conn_id))
                                       ^^^^^^^^^^^^^^^^^^^^^^^^^^^^
  File "/home/airflow/.local/lib/python3.12/site-packages/airflow/hooks/base.py", line 83, in get_connection
    conn = Connection.get_connection_from_secrets(conn_id)
           ^^^^^^^^^^^^^^^^^^^^^^^^^^^^^^^^^^^^^^^^^^^^^^^
  File "/home/airflow/.local/lib/python3.12/site-packages/airflow/models/connection.py", line 519, in get_connection_from_secrets
    raise AirflowNotFoundException(f"The conn_id `{conn_id}` isn't defined")
airflow.exceptions.AirflowNotFoundException: The conn_id `postgres_default` isn't defined
[2025-12-24T07:01:04.150+0000] {taskinstance.py:1206} INFO - Marking task as FAILED. dag_id=openweather_ingestion_dag, task_id=fetch_and_load_weather, run_id=manual__2025-12-24T07:01:02.507023+00:00, execution_date=20251224T070102, start_date=20251224T070103, end_date=20251224T070104
[2025-12-24T07:01:04.156+0000] {standard_task_runner.py:110} ERROR - Failed to execute job 13 for task fetch_and_load_weather (The conn_id `postgres_default` isn't defined; 203)
[2025-12-24T07:01:04.173+0000] {local_task_job_runner.py:243} INFO - Task exited with return code 1
[2025-12-24T07:01:04.180+0000] {taskinstance.py:3503} INFO - 0 downstream tasks scheduled from follow-on schedule check
[2025-12-24T07:01:04.180+0000] {local_task_job_runner.py:222} INFO - ::endgroup::
